{"/Users/adityasingh/Desktop/fsd-feb23/jest-basics/index.js": {"path":"/Users/adityasingh/Desktop/fsd-feb23/jest-basics/index.js","statementMap":{"0":{"start":{"line":1,"column":18},"end":{"line":7,"column":1}},"1":{"start":{"line":2,"column":17},"end":{"line":2,"column":22}},"2":{"start":{"line":3,"column":20},"end":{"line":3,"column":25}},"3":{"start":{"line":4,"column":21},"end":{"line":4,"column":45}},"4":{"start":{"line":5,"column":20},"end":{"line":5,"column":28}},"5":{"start":{"line":6,"column":34},"end":{"line":6,"column":71}},"6":{"start":{"line":9,"column":0},"end":{"line":9,"column":27}}},"fnMap":{"0":{"name":"(anonymous_0)","decl":{"start":{"line":2,"column":7},"end":{"line":2,"column":8}},"loc":{"start":{"line":2,"column":17},"end":{"line":2,"column":22}},"line":2},"1":{"name":"(anonymous_1)","decl":{"start":{"line":3,"column":10},"end":{"line":3,"column":11}},"loc":{"start":{"line":3,"column":20},"end":{"line":3,"column":25}},"line":3},"2":{"name":"(anonymous_2)","decl":{"start":{"line":4,"column":11},"end":{"line":4,"column":12}},"loc":{"start":{"line":4,"column":21},"end":{"line":4,"column":45}},"line":4},"3":{"name":"(anonymous_3)","decl":{"start":{"line":5,"column":11},"end":{"line":5,"column":12}},"loc":{"start":{"line":5,"column":20},"end":{"line":5,"column":28}},"line":5},"4":{"name":"(anonymous_4)","decl":{"start":{"line":6,"column":22},"end":{"line":6,"column":23}},"loc":{"start":{"line":6,"column":34},"end":{"line":6,"column":71}},"line":6}},"branchMap":{"0":{"loc":{"start":{"line":4,"column":21},"end":{"line":4,"column":45}},"type":"cond-expr","locations":[{"start":{"line":4,"column":33},"end":{"line":4,"column":37}},{"start":{"line":4,"column":40},"end":{"line":4,"column":45}}],"line":4}},"s":{"0":1,"1":1,"2":1,"3":2,"4":1,"5":1,"6":1},"f":{"0":1,"1":1,"2":2,"3":1,"4":1},"b":{"0":[1,1]},"_coverageSchema":"1a1c01bbd47fc00a2c39e90264f33305004495a9","hash":"0621252cb68905b711ec590c086d30e46ee60d7b"}
}
