TN:
SF:index.js
FN:4,(anonymous_0)
FN:5,(anonymous_1)
FN:6,(anonymous_2)
FN:7,(anonymous_3)
FN:8,(anonymous_4)
FN:9,(anonymous_5)
FN:14,(anonymous_6)
FN:21,(anonymous_7)
FN:22,(anonymous_8)
FN:22,(anonymous_9)
FNF:10
FNH:10
FNDA:1,(anonymous_0)
FNDA:1,(anonymous_1)
FNDA:2,(anonymous_2)
FNDA:1,(anonymous_3)
FNDA:1,(anonymous_4)
FNDA:3,(anonymous_5)
FNDA:2,(anonymous_6)
FNDA:1,(anonymous_7)
FNDA:3,(anonymous_8)
FNDA:9,(anonymous_9)
DA:1,1
DA:3,1
DA:4,1
DA:5,1
DA:6,2
DA:7,1
DA:8,1
DA:10,3
DA:11,2
DA:12,1
DA:15,2
DA:16,1
DA:19,1
DA:22,9
DA:25,1
LF:15
LH:15
BRDA:6,0,0,1
BRDA:6,0,1,1
BRDA:10,1,0,2
BRDA:10,1,1,1
BRDA:10,2,0,3
BRDA:10,2,1,2
BRDA:15,3,0,1
BRDA:15,3,1,1
BRF:8
BRH:8
end_of_record
